<?xml version="1.0" encoding="UTF-8"?>
<!-- Generated by org.testng.reporters.JUnitReportReporter -->
<testsuite hostname="DESKTOP-USUCV86" failures="0" tests="1" name="automation.ExistingEmail" time="19.257" errors="0" timestamp="2024-02-21T19:28:31 IST" skipped="0">
  <testcase classname="automation.ExistingEmail" name="existingEmailid" time="19.257"/>
</testsuite> <!-- automation.ExistingEmail -->
