<?xml version="1.0" encoding="UTF-8"?>
<!-- Generated by org.testng.reporters.JUnitReportReporter -->
<testsuite hostname="DESKTOP-USUCV86" failures="0" tests="1" name="automation.InvalidEmailandPassword" time="16.829" errors="0" timestamp="2024-02-21T19:25:41 IST" skipped="0">
  <testcase classname="automation.InvalidEmailandPassword" name="invalidCredentials" time="16.829"/>
</testsuite> <!-- automation.InvalidEmailandPassword -->
