<?xml version="1.0" encoding="UTF-8"?>
<!-- Generated by org.testng.reporters.JUnitReportReporter -->
<testsuite hostname="DESKTOP-USUCV86" failures="0" tests="1" name="automation.ContactUs" time="15.425" errors="0" timestamp="2024-02-14T08:48:58 IST" skipped="0">
  <testcase classname="automation.ContactUs" name="validCredentials" time="15.425"/>
</testsuite> <!-- automation.ContactUs -->
