<?xml version="1.0" encoding="UTF-8"?>
<!-- Generated by org.testng.reporters.JUnitReportReporter -->
<testsuite hostname="DESKTOP-USUCV86" failures="0" tests="1" name="automation.RemoveProductsFromCart" time="23.680" errors="0" timestamp="2024-02-21T20:38:45 IST" skipped="0">
  <testcase classname="automation.RemoveProductsFromCart" name="registerWhileCheckout" time="23.680"/>
</testsuite> <!-- automation.RemoveProductsFromCart -->
