<?xml version="1.0" encoding="UTF-8"?>
<!-- Generated by org.testng.reporters.JUnitReportReporter -->
<testsuite hostname="DESKTOP-USUCV86" failures="0" tests="1" name="automation.TestCasesPage" time="7.232" errors="0" timestamp="2024-02-14T10:52:11 IST" skipped="0">
  <testcase classname="automation.TestCasesPage" name="testCases" time="7.232"/>
</testsuite> <!-- automation.TestCasesPage -->
