<?xml version="1.0" encoding="UTF-8"?>
<!-- Generated by org.testng.reporters.JUnitReportReporter -->
<testsuite hostname="DESKTOP-USUCV86" failures="0" tests="1" name="automation.ContactUs" time="23.842" errors="0" timestamp="2024-02-21T19:35:59 IST" skipped="0">
  <testcase classname="automation.ContactUs" name="contactusPage" time="23.842"/>
</testsuite> <!-- automation.ContactUs -->
