<?xml version="1.0" encoding="UTF-8"?>
<!-- Generated by org.testng.reporters.JUnitReportReporter -->
<testsuite hostname="DESKTOP-USUCV86" failures="0" tests="1" name="automation.ScrollUpUsingArrowBtn" time="6.372" errors="0" timestamp="2024-02-20T13:12:59 IST" skipped="0">
  <testcase classname="automation.ScrollUpUsingArrowBtn" name="registerWhileCheckout" time="6.372"/>
</testsuite> <!-- automation.ScrollUpUsingArrowBtn -->
