<?xml version="1.0" encoding="UTF-8"?>
<!-- Generated by org.testng.reporters.JUnitReportReporter -->
<testsuite hostname="DESKTOP-USUCV86" failures="0" tests="1" name="automation.SubscriptionCartPage" time="18.618" errors="0" timestamp="2024-02-15T10:47:19 IST" skipped="0">
  <testcase classname="automation.SubscriptionCartPage" name="subscriptionCart" time="18.618"/>
</testsuite> <!-- automation.SubscriptionCartPage -->
