<?xml version="1.0" encoding="UTF-8"?>
<!-- Generated by org.testng.reporters.JUnitReportReporter -->
<testsuite hostname="DESKTOP-USUCV86" failures="0" tests="1" name="automation.SubscriptionCartPage" time="16.071" errors="0" timestamp="2024-02-21T19:54:51 IST" skipped="0">
  <testcase classname="automation.SubscriptionCartPage" name="subscriptionCart" time="16.071"/>
</testsuite> <!-- automation.SubscriptionCartPage -->
