<?xml version="1.0" encoding="UTF-8"?>
<!-- Generated by org.testng.reporters.JUnitReportReporter -->
<testsuite hostname="DESKTOP-USUCV86" failures="0" tests="1" name="automation.ScrollUpWithoutArrow" time="7.170" errors="0" timestamp="2024-02-20T13:42:37 IST" skipped="0">
  <testcase classname="automation.ScrollUpWithoutArrow" name="registerWhileCheckout" time="7.170"/>
</testsuite> <!-- automation.ScrollUpWithoutArrow -->
