<?xml version="1.0" encoding="UTF-8"?>
<!-- Generated by org.testng.reporters.JUnitReportReporter -->
<testsuite hostname="DESKTOP-USUCV86" failures="0" tests="1" name="automation.LogoutUser" time="24.081" errors="0" timestamp="2024-02-20T16:28:23 IST" skipped="0">
  <testcase classname="automation.LogoutUser" name="logoutUser" time="24.081"/>
</testsuite> <!-- automation.LogoutUser -->
