<?xml version="1.0" encoding="UTF-8"?>
<!-- Generated by org.testng.reporters.JUnitReportReporter -->
<testsuite hostname="DESKTOP-USUCV86" failures="0" tests="1" name="automation.TestCasesPage" time="11.313" errors="0" timestamp="2024-02-21T19:38:46 IST" skipped="0">
  <testcase classname="automation.TestCasesPage" name="testCasesPg" time="11.313"/>
</testsuite> <!-- automation.TestCasesPage -->
