<?xml version="1.0" encoding="UTF-8"?>
<!-- Generated by org.testng.reporters.JUnitReportReporter -->
<testsuite hostname="DESKTOP-USUCV86" failures="0" tests="1" name="automation.ValidEmailandPassword" time="20.221" errors="0" timestamp="2024-02-13T17:23:39 IST" skipped="0">
  <testcase classname="automation.ValidEmailandPassword" name="validCredentials" time="20.221"/>
</testsuite> <!-- automation.ValidEmailandPassword -->
