<?xml version="1.0" encoding="UTF-8"?>
<!-- Generated by org.testng.reporters.JUnitReportReporter -->
<testsuite hostname="DESKTOP-USUCV86" failures="0" tests="1" name="automation.AddCartRecommendedItems" time="13.711" errors="0" timestamp="2024-02-22T11:46:28 IST" skipped="0">
  <testcase classname="automation.AddCartRecommendedItems" name="registerWhileCheckout" time="13.711"/>
</testsuite> <!-- automation.AddCartRecommendedItems -->
