<?xml version="1.0" encoding="UTF-8"?>
<!-- Generated by org.testng.reporters.JUnitReportReporter -->
<testsuite hostname="DESKTOP-USUCV86" failures="0" tests="1" name="automation.LogoutUser" time="39.691" errors="0" timestamp="2024-02-21T19:27:00 IST" skipped="0">
  <testcase classname="automation.LogoutUser" name="logoutUser" time="39.691"/>
</testsuite> <!-- automation.LogoutUser -->
