<?xml version="1.0" encoding="UTF-8"?>
<!-- Generated by org.testng.reporters.JUnitReportReporter -->
<testsuite hostname="DESKTOP-USUCV86" failures="0" tests="1" name="automation.Subscription" time="11.881" errors="0" timestamp="2024-02-21T19:53:28 IST" skipped="0">
  <testcase classname="automation.Subscription" name="subscriptionHomePage" time="11.881"/>
</testsuite> <!-- automation.Subscription -->
