<?xml version="1.0" encoding="UTF-8"?>
<!-- Generated by org.testng.reporters.JUnitReportReporter -->
<testsuite hostname="DESKTOP-USUCV86" failures="0" tests="1" name="automation.ExistingEmail" time="16.361" errors="0" timestamp="2024-02-13T17:59:42 IST" skipped="0">
  <testcase classname="automation.ExistingEmail" name="validCredentials" time="16.361"/>
</testsuite> <!-- automation.ExistingEmail -->
